# JRE version: Java(TM) SE Runtime Environment (8.0_91-b14) (build 1.8.0_91-b14)
# Java VM: Java HotSpot(TM) 64-Bit Server VM (25.91-b14 mixed mode bsd-amd64 compressed oops)
Heap:
 PSYoungGen      total 348672K, used 163185K [0x0000000795580000, 0x00000007ac200000, 0x00000007c0000000)
  eden space 323584K, 48% used [0x0000000795580000,0x000000079efa1e38,0x00000007a9180000)
  from space 25088K, 21% used [0x00000007aa980000,0x00000007aaeba998,0x00000007ac200000)
  to   space 24576K, 0% used [0x00000007a9180000,0x00000007a9180000,0x00000007aa980000)
 ParOldGen       total 138240K, used 54617K [0x0000000740000000, 0x0000000748700000, 0x0000000795580000)
  object space 138240K, 39% used [0x0000000740000000,0x00000007435565a8,0x0000000748700000)
 Metaspace       used 33973K, capacity 34146K, committed 34352K, reserved 1079296K
  class space    used 4786K, capacity 4871K, committed 4912K, reserved 1048576K
GC Heap History (10 events):
Event: 6.834 GC heap before
{Heap before GC invocations=11 (full 2):
 PSYoungGen      total 171008K, used 171005K [0x0000000795580000, 0x00000007a3880000, 0x00000007c0000000)
  eden space 163328K, 100% used [0x0000000795580000,0x000000079f500000,0x000000079f500000)
  from space 7680K, 99% used [0x00000007a0300000,0x00000007a0a7f470,0x00000007a0a80000)
  to   space 14336K, 0% used [0x000000079f500000,0x000000079f500000,0x00000007a0300000)
 ParOldGen       total 52224K, used 16993K [0x0000000740000000, 0x0000000743300000, 0x0000000795580000)
  object space 52224K, 32% used [0x0000000740000000,0x0000000741098570,0x0000000743300000)
 Metaspace       used 26147K, capacity 26348K, committed 26544K, reserved 1073152K
  class space    used 3616K, capacity 3678K, committed 3760K, reserved 1048576K
Event: 6.862 GC heap after
Heap after GC invocations=11 (full 2):
 PSYoungGen      total 177664K, used 14306K [0x0000000795580000, 0x00000007a7e00000, 0x00000007c0000000)
  eden space 163328K, 0% used [0x0000000795580000,0x0000000795580000,0x000000079f500000)
  from space 14336K, 99% used [0x000000079f500000,0x00000007a02f8990,0x00000007a0300000)
  to   space 19456K, 0% used [0x00000007a6b00000,0x00000007a6b00000,0x00000007a7e00000)
 ParOldGen       total 52224K, used 24355K [0x0000000740000000, 0x0000000743300000, 0x0000000795580000)
  object space 52224K, 46% used [0x0000000740000000,0x00000007417c8c28,0x0000000743300000)
 Metaspace       used 26147K, capacity 26348K, committed 26544K, reserved 1073152K
  class space    used 3616K, capacity 3678K, committed 3760K, reserved 1048576K
}
Event: 8.021 GC heap before
{Heap before GC invocations=12 (full 2):
 PSYoungGen      total 177664K, used 177634K [0x0000000795580000, 0x00000007a7e00000, 0x00000007c0000000)
  eden space 163328K, 100% used [0x0000000795580000,0x000000079f500000,0x000000079f500000)
  from space 14336K, 99% used [0x000000079f500000,0x00000007a02f8990,0x00000007a0300000)
  to   space 19456K, 0% used [0x00000007a6b00000,0x00000007a6b00000,0x00000007a7e00000)
 ParOldGen       total 52224K, used 24355K [0x0000000740000000, 0x0000000743300000, 0x0000000795580000)
  object space 52224K, 46% used [0x0000000740000000,0x00000007417c8c28,0x0000000743300000)
 Metaspace       used 28309K, capacity 28508K, committed 28848K, reserved 1075200K
  class space    used 3842K, capacity 3910K, committed 4016K, reserved 1048576K
Event: 8.057 GC heap after
Heap after GC invocations=12 (full 2):
 PSYoungGen      total 248320K, used 19449K [0x0000000795580000, 0x00000007a7e00000, 0x00000007c0000000)
  eden space 228864K, 0% used [0x0000000795580000,0x0000000795580000,0x00000007a3500000)
  from space 19456K, 99% used [0x00000007a6b00000,0x00000007a7dfe438,0x00000007a7e00000)
  to   space 26624K, 0% used [0x00000007a4a00000,0x00000007a4a00000,0x00000007a6400000)
 ParOldGen       total 52224K, used 35326K [0x0000000740000000, 0x0000000743300000, 0x0000000795580000)
  object space 52224K, 67% used [0x0000000740000000,0x000000074227f898,0x0000000743300000)
 Metaspace       used 28309K, capacity 28508K, committed 28848K, reserved 1075200K
  class space    used 3842K, capacity 3910K, committed 4016K, reserved 1048576K
}
Event: 9.421 GC heap before
{Heap before GC invocations=13 (full 2):
 PSYoungGen      total 248320K, used 248313K [0x0000000795580000, 0x00000007a7e00000, 0x00000007c0000000)
  eden space 228864K, 100% used [0x0000000795580000,0x00000007a3500000,0x00000007a3500000)
  from space 19456K, 99% used [0x00000007a6b00000,0x00000007a7dfe438,0x00000007a7e00000)
  to   space 26624K, 0% used [0x00000007a4a00000,0x00000007a4a00000,0x00000007a6400000)
 ParOldGen       total 52224K, used 35326K [0x0000000740000000, 0x0000000743300000, 0x0000000795580000)
  object space 52224K, 67% used [0x0000000740000000,0x000000074227f898,0x0000000743300000)
 Metaspace       used 30727K, capacity 30978K, committed 31152K, reserved 1077248K
  class space    used 4204K, capacity 4263K, committed 4272K, reserved 1048576K
Event: 9.457 GC heap after
Heap after GC invocations=13 (full 2):
 PSYoungGen      total 276992K, used 9406K [0x0000000795580000, 0x00000007ac200000, 0x00000007c0000000)
  eden space 250368K, 0% used [0x0000000795580000,0x0000000795580000,0x00000007a4a00000)
  from space 26624K, 35% used [0x00000007a4a00000,0x00000007a532fa10,0x00000007a6400000)
  to   space 25088K, 0% used [0x00000007aa980000,0x00000007aa980000,0x00000007ac200000)
 ParOldGen       total 54272K, used 54051K [0x0000000740000000, 0x0000000743500000, 0x0000000795580000)
  object space 54272K, 99% used [0x0000000740000000,0x00000007434c8e10,0x0000000743500000)
 Metaspace       used 30727K, capacity 30978K, committed 31152K, reserved 1077248K
  class space    used 4204K, capacity 4263K, committed 4272K, reserved 1048576K
}
Event: 9.457 GC heap before
{Heap before GC invocations=14 (full 3):
 PSYoungGen      total 276992K, used 9406K [0x0000000795580000, 0x00000007ac200000, 0x00000007c0000000)
  eden space 250368K, 0% used [0x0000000795580000,0x0000000795580000,0x00000007a4a00000)
  from space 26624K, 35% used [0x00000007a4a00000,0x00000007a532fa10,0x00000007a6400000)
  to   space 25088K, 0% used [0x00000007aa980000,0x00000007aa980000,0x00000007ac200000)
 ParOldGen       total 54272K, used 54051K [0x0000000740000000, 0x0000000743500000, 0x0000000795580000)
  object space 54272K, 99% used [0x0000000740000000,0x00000007434c8e10,0x0000000743500000)
 Metaspace       used 30727K, capacity 30978K, committed 31152K, reserved 1077248K
  class space    used 4204K, capacity 4263K, committed 4272K, reserved 1048576K
Event: 9.664 GC heap after
Heap after GC invocations=14 (full 3):
 PSYoungGen      total 276992K, used 2978K [0x0000000795580000, 0x00000007ac200000, 0x00000007c0000000)
  eden space 250368K, 0% used [0x0000000795580000,0x0000000795580000,0x00000007a4a00000)
  from space 26624K, 11% used [0x00000007a4a00000,0x00000007a4ce8a48,0x00000007a6400000)
  to   space 25088K, 0% used [0x00000007aa980000,0x00000007aa980000,0x00000007ac200000)
 ParOldGen       total 138240K, used 53949K [0x0000000740000000, 0x0000000748700000, 0x0000000795580000)
  object space 138240K, 39% used [0x0000000740000000,0x00000007434af468,0x0000000748700000)
 Metaspace       used 30727K, capacity 30978K, committed 31152K, reserved 1077248K
  class space    used 4204K, capacity 4263K, committed 4272K, reserved 1048576K
}
Event: 10.909 GC heap before
{Heap before GC invocations=15 (full 3):
 PSYoungGen      total 276992K, used 253346K [0x0000000795580000, 0x00000007ac200000, 0x00000007c0000000)
  eden space 250368K, 100% used [0x0000000795580000,0x00000007a4a00000,0x00000007a4a00000)
  from space 26624K, 11% used [0x00000007a4a00000,0x00000007a4ce8a48,0x00000007a6400000)
  to   space 25088K, 0% used [0x00000007aa980000,0x00000007aa980000,0x00000007ac200000)
 ParOldGen       total 138240K, used 53949K [0x0000000740000000, 0x0000000748700000, 0x0000000795580000)
  object space 138240K, 39% used [0x0000000740000000,0x00000007434af468,0x0000000748700000)
 Metaspace       used 32423K, capacity 32610K, committed 32816K, reserved 1077248K
  class space    used 4548K, capacity 4615K, committed 4656K, reserved 1048576K
Event: 10.927 GC heap after
Heap after GC invocations=15 (full 3):
 PSYoungGen      total 348672K, used 5354K [0x0000000795580000, 0x00000007ac200000, 0x00000007c0000000)
  eden space 323584K, 0% used [0x0000000795580000,0x0000000795580000,0x00000007a9180000)
  from space 25088K, 21% used [0x00000007aa980000,0x00000007aaeba998,0x00000007ac200000)
  to   space 24576K, 0% used [0x00000007a9180000,0x00000007a9180000,0x00000007aa980000)
 ParOldGen       total 138240K, used 54617K [0x0000000740000000, 0x0000000748700000, 0x0000000795580000)
  object space 138240K, 39% used [0x0000000740000000,0x00000007435565a8,0x0000000748700000)
 Metaspace       used 32423K, capacity 32610K, committed 32816K, reserved 1077248K
  class space    used 4548K, capacity 4615K, committed 4656K, reserved 1048576K
}

